<?xml version="1.0" encoding="UTF-8"?>
<testsuite xmlns:xsi="http://www.w3.org/2001/XMLSchema-instance" xsi:noNamespaceSchemaLocation="https://maven.apache.org/surefire/maven-surefire-plugin/xsd/surefire-test-report.xsd" name="com.example.demo.DemoApplicationTests" time="2.758" tests="1" errors="0" skipped="0" failures="0">
  <properties>
    <property name="gopherProxySet" value="false"/>
    <property name="awt.toolkit" value="sun.lwawt.macosx.LWCToolkit"/>
    <property name="file.encoding.pkg" value="sun.io"/>
    <property name="java.specification.version" value="1.8"/>
    <property name="sun.cpu.isalist" value=""/>
    <property name="sun.jnu.encoding" value="UTF-8"/>
    <property name="java.class.path" value="/Users/omaral-safi/Code/camel-spring-boot-native-demo/target/test-classes:/Users/omaral-safi/Code/camel-spring-boot-native-demo/target/classes:/Users/omaral-safi/.m2/repository/org/springframework/boot/spring-boot-starter/2.4.3/spring-boot-starter-2.4.3.jar:/Users/omaral-safi/.m2/repository/org/springframework/boot/spring-boot/2.4.3/spring-boot-2.4.3.jar:/Users/omaral-safi/.m2/repository/org/springframework/spring-context/5.3.5/spring-context-5.3.5.jar:/Users/omaral-safi/.m2/repository/org/springframework/spring-aop/5.3.5/spring-aop-5.3.5.jar:/Users/omaral-safi/.m2/repository/org/springframework/spring-beans/5.3.5/spring-beans-5.3.5.jar:/Users/omaral-safi/.m2/repository/org/springframework/spring-expression/5.3.5/spring-expression-5.3.5.jar:/Users/omaral-safi/.m2/repository/org/springframework/boot/spring-boot-autoconfigure/2.4.3/spring-boot-autoconfigure-2.4.3.jar:/Users/omaral-safi/.m2/repository/org/springframework/boot/spring-boot-starter-logging/2.4.3/spring-boot-starter-logging-2.4.3.jar:/Users/omaral-safi/.m2/repository/ch/qos/logback/logback-classic/1.2.3/logback-classic-1.2.3.jar:/Users/omaral-safi/.m2/repository/ch/qos/logback/logback-core/1.2.3/logback-core-1.2.3.jar:/Users/omaral-safi/.m2/repository/org/apache/logging/log4j/log4j-to-slf4j/2.13.3/log4j-to-slf4j-2.13.3.jar:/Users/omaral-safi/.m2/repository/org/apache/logging/log4j/log4j-api/2.13.3/log4j-api-2.13.3.jar:/Users/omaral-safi/.m2/repository/org/slf4j/jul-to-slf4j/1.7.30/jul-to-slf4j-1.7.30.jar:/Users/omaral-safi/.m2/repository/jakarta/annotation/jakarta.annotation-api/1.3.5/jakarta.annotation-api-1.3.5.jar:/Users/omaral-safi/.m2/repository/org/springframework/spring-core/5.3.5/spring-core-5.3.5.jar:/Users/omaral-safi/.m2/repository/org/springframework/spring-jcl/5.3.4/spring-jcl-5.3.4.jar:/Users/omaral-safi/.m2/repository/org/yaml/snakeyaml/1.27/snakeyaml-1.27.jar:/Users/omaral-safi/.m2/repository/org/springframework/experimental/spring-native/0.9.0/spring-native-0.9.0.jar:/Users/omaral-safi/.m2/repository/org/springframework/boot/spring-boot-starter-test/2.4.3/spring-boot-starter-test-2.4.3.jar:/Users/omaral-safi/.m2/repository/org/springframework/boot/spring-boot-test/2.4.3/spring-boot-test-2.4.3.jar:/Users/omaral-safi/.m2/repository/org/springframework/boot/spring-boot-test-autoconfigure/2.4.3/spring-boot-test-autoconfigure-2.4.3.jar:/Users/omaral-safi/.m2/repository/com/jayway/jsonpath/json-path/2.4.0/json-path-2.4.0.jar:/Users/omaral-safi/.m2/repository/net/minidev/json-smart/2.3/json-smart-2.3.jar:/Users/omaral-safi/.m2/repository/net/minidev/accessors-smart/1.2/accessors-smart-1.2.jar:/Users/omaral-safi/.m2/repository/org/ow2/asm/asm/5.0.4/asm-5.0.4.jar:/Users/omaral-safi/.m2/repository/jakarta/xml/bind/jakarta.xml.bind-api/2.3.3/jakarta.xml.bind-api-2.3.3.jar:/Users/omaral-safi/.m2/repository/jakarta/activation/jakarta.activation-api/1.2.2/jakarta.activation-api-1.2.2.jar:/Users/omaral-safi/.m2/repository/org/assertj/assertj-core/3.18.1/assertj-core-3.18.1.jar:/Users/omaral-safi/.m2/repository/org/hamcrest/hamcrest/2.2/hamcrest-2.2.jar:/Users/omaral-safi/.m2/repository/org/junit/jupiter/junit-jupiter/5.7.1/junit-jupiter-5.7.1.jar:/Users/omaral-safi/.m2/repository/org/junit/jupiter/junit-jupiter-api/5.7.1/junit-jupiter-api-5.7.1.jar:/Users/omaral-safi/.m2/repository/org/apiguardian/apiguardian-api/1.1.0/apiguardian-api-1.1.0.jar:/Users/omaral-safi/.m2/repository/org/opentest4j/opentest4j/1.2.0/opentest4j-1.2.0.jar:/Users/omaral-safi/.m2/repository/org/junit/platform/junit-platform-commons/1.7.1/junit-platform-commons-1.7.1.jar:/Users/omaral-safi/.m2/repository/org/junit/jupiter/junit-jupiter-params/5.7.1/junit-jupiter-params-5.7.1.jar:/Users/omaral-safi/.m2/repository/org/junit/jupiter/junit-jupiter-engine/5.7.1/junit-jupiter-engine-5.7.1.jar:/Users/omaral-safi/.m2/repository/org/junit/platform/junit-platform-engine/1.7.1/junit-platform-engine-1.7.1.jar:/Users/omaral-safi/.m2/repository/org/mockito/mockito-core/3.6.28/mockito-core-3.6.28.jar:/Users/omaral-safi/.m2/repository/net/bytebuddy/byte-buddy/1.10.20/byte-buddy-1.10.20.jar:/Users/omaral-safi/.m2/repository/net/bytebuddy/byte-buddy-agent/1.10.20/byte-buddy-agent-1.10.20.jar:/Users/omaral-safi/.m2/repository/org/objenesis/objenesis/3.1/objenesis-3.1.jar:/Users/omaral-safi/.m2/repository/org/mockito/mockito-junit-jupiter/3.6.28/mockito-junit-jupiter-3.6.28.jar:/Users/omaral-safi/.m2/repository/org/skyscreamer/jsonassert/1.5.0/jsonassert-1.5.0.jar:/Users/omaral-safi/.m2/repository/com/vaadin/external/google/android-json/0.0.20131108.vaadin1/android-json-0.0.20131108.vaadin1.jar:/Users/omaral-safi/.m2/repository/org/springframework/spring-test/5.3.5/spring-test-5.3.5.jar:/Users/omaral-safi/.m2/repository/org/xmlunit/xmlunit-core/2.7.0/xmlunit-core-2.7.0.jar:/Users/omaral-safi/.m2/repository/org/apache/camel/camel-endpointdsl/3.9.0-SNAPSHOT/camel-endpointdsl-3.9.0-SNAPSHOT.jar:/Users/omaral-safi/.m2/repository/org/apache/camel/camel-core-engine/3.9.0-SNAPSHOT/camel-core-engine-3.9.0-SNAPSHOT.jar:/Users/omaral-safi/.m2/repository/org/apache/camel/camel-api/3.9.0-SNAPSHOT/camel-api-3.9.0-SNAPSHOT.jar:/Users/omaral-safi/.m2/repository/org/apache/camel/camel-base-engine/3.9.0-SNAPSHOT/camel-base-engine-3.9.0-SNAPSHOT.jar:/Users/omaral-safi/.m2/repository/org/apache/camel/camel-base/3.9.0-SNAPSHOT/camel-base-3.9.0-SNAPSHOT.jar:/Users/omaral-safi/.m2/repository/org/apache/camel/camel-core-reifier/3.9.0-SNAPSHOT/camel-core-reifier-3.9.0-SNAPSHOT.jar:/Users/omaral-safi/.m2/repository/org/apache/camel/camel-core-model/3.9.0-SNAPSHOT/camel-core-model-3.9.0-SNAPSHOT.jar:/Users/omaral-safi/.m2/repository/org/apache/camel/camel-core-processor/3.9.0-SNAPSHOT/camel-core-processor-3.9.0-SNAPSHOT.jar:/Users/omaral-safi/.m2/repository/org/apache/camel/camel-management-api/3.9.0-SNAPSHOT/camel-management-api-3.9.0-SNAPSHOT.jar:/Users/omaral-safi/.m2/repository/org/apache/camel/camel-support/3.9.0-SNAPSHOT/camel-support-3.9.0-SNAPSHOT.jar:/Users/omaral-safi/.m2/repository/org/apache/camel/camel-util/3.9.0-SNAPSHOT/camel-util-3.9.0-SNAPSHOT.jar:/Users/omaral-safi/.m2/repository/org/slf4j/slf4j-api/1.7.30/slf4j-api-1.7.30.jar:/Users/omaral-safi/.m2/repository/org/apache/camel/springboot/camel-timer-starter/3.9.0-SNAPSHOT/camel-timer-starter-3.9.0-SNAPSHOT.jar:/Users/omaral-safi/.m2/repository/org/apache/camel/camel-timer/3.9.0-SNAPSHOT/camel-timer-3.9.0-SNAPSHOT.jar:/Users/omaral-safi/.m2/repository/org/apache/camel/springboot/camel-core-starter/3.9.0-SNAPSHOT/camel-core-starter-3.9.0-SNAPSHOT.jar:/Users/omaral-safi/.m2/repository/org/apache/camel/springboot/camel-spring-boot/3.9.0-SNAPSHOT/camel-spring-boot-3.9.0-SNAPSHOT.jar:/Users/omaral-safi/.m2/repository/org/apache/camel/camel-spring/3.9.0-SNAPSHOT/camel-spring-3.9.0-SNAPSHOT.jar:/Users/omaral-safi/.m2/repository/org/springframework/spring-tx/5.3.5/spring-tx-5.3.5.jar:/Users/omaral-safi/.m2/repository/org/apache/camel/camel-spring-main/3.9.0-SNAPSHOT/camel-spring-main-3.9.0-SNAPSHOT.jar:/Users/omaral-safi/.m2/repository/org/apache/camel/camel-main/3.9.0-SNAPSHOT/camel-main-3.9.0-SNAPSHOT.jar:/Users/omaral-safi/.m2/repository/org/apache/camel/camel-core-languages/3.9.0-SNAPSHOT/camel-core-languages-3.9.0-SNAPSHOT.jar:/Users/omaral-safi/.m2/repository/org/apache/camel/camel-xml-jaxb-dsl/3.9.0-SNAPSHOT/camel-xml-jaxb-dsl-3.9.0-SNAPSHOT.jar:/Users/omaral-safi/.m2/repository/org/apache/camel/camel-xml-jaxb/3.9.0-SNAPSHOT/camel-xml-jaxb-3.9.0-SNAPSHOT.jar:/Users/omaral-safi/.m2/repository/com/sun/xml/bind/jaxb-core/2.3.0/jaxb-core-2.3.0.jar:/Users/omaral-safi/.m2/repository/com/sun/xml/bind/jaxb-impl/2.3.3/jaxb-impl-2.3.3.jar:/Users/omaral-safi/.m2/repository/com/sun/activation/jakarta.activation/1.2.2/jakarta.activation-1.2.2.jar:/Users/omaral-safi/.m2/repository/org/apache/camel/camel-spring-xml/3.9.0-SNAPSHOT/camel-spring-xml-3.9.0-SNAPSHOT.jar:/Users/omaral-safi/.m2/repository/org/apache/camel/camel-xml-jaxp/3.9.0-SNAPSHOT/camel-xml-jaxp-3.9.0-SNAPSHOT.jar:/Users/omaral-safi/.m2/repository/org/apache/camel/camel-core-xml/3.9.0-SNAPSHOT/camel-core-xml-3.9.0-SNAPSHOT.jar:/Users/omaral-safi/.m2/repository/org/apache/camel/camel-cloud/3.9.0-SNAPSHOT/camel-cloud-3.9.0-SNAPSHOT.jar:/Users/omaral-safi/.m2/repository/org/apache/camel/camel-cluster/3.9.0-SNAPSHOT/camel-cluster-3.9.0-SNAPSHOT.jar:/Users/omaral-safi/.m2/repository/org/apache/camel/camel-health/3.9.0-SNAPSHOT/camel-health-3.9.0-SNAPSHOT.jar:"/>
    <property name="java.vm.vendor" value="GraalVM Community"/>
    <property name="sun.arch.data.model" value="64"/>
    <property name="java.vendor.url" value="https://www.graalvm.org/"/>
    <property name="user.timezone" value=""/>
    <property name="java.vm.specification.version" value="1.8"/>
    <property name="os.name" value="Mac OS X"/>
    <property name="sun.java.launcher" value="SUN_STANDARD"/>
    <property name="user.country" value="DE"/>
    <property name="sun.boot.library.path" value="/Users/omaral-safi/.sdkman/candidates/java/21.0.0.r8-grl/jre/lib"/>
    <property name="sun.java.command" value="/Users/omaral-safi/Code/camel-spring-boot-native-demo/target/surefire/surefirebooter5581291730267241284.jar /Users/omaral-safi/Code/camel-spring-boot-native-demo/target/surefire 2021-03-17T22-44-41_901-jvmRun1 surefire6647696028722872518tmp surefire_02840439036063538138tmp"/>
    <property name="surefire.test.class.path" value="/Users/omaral-safi/Code/camel-spring-boot-native-demo/target/test-classes:/Users/omaral-safi/Code/camel-spring-boot-native-demo/target/classes:/Users/omaral-safi/.m2/repository/org/springframework/boot/spring-boot-starter/2.4.3/spring-boot-starter-2.4.3.jar:/Users/omaral-safi/.m2/repository/org/springframework/boot/spring-boot/2.4.3/spring-boot-2.4.3.jar:/Users/omaral-safi/.m2/repository/org/springframework/spring-context/5.3.5/spring-context-5.3.5.jar:/Users/omaral-safi/.m2/repository/org/springframework/spring-aop/5.3.5/spring-aop-5.3.5.jar:/Users/omaral-safi/.m2/repository/org/springframework/spring-beans/5.3.5/spring-beans-5.3.5.jar:/Users/omaral-safi/.m2/repository/org/springframework/spring-expression/5.3.5/spring-expression-5.3.5.jar:/Users/omaral-safi/.m2/repository/org/springframework/boot/spring-boot-autoconfigure/2.4.3/spring-boot-autoconfigure-2.4.3.jar:/Users/omaral-safi/.m2/repository/org/springframework/boot/spring-boot-starter-logging/2.4.3/spring-boot-starter-logging-2.4.3.jar:/Users/omaral-safi/.m2/repository/ch/qos/logback/logback-classic/1.2.3/logback-classic-1.2.3.jar:/Users/omaral-safi/.m2/repository/ch/qos/logback/logback-core/1.2.3/logback-core-1.2.3.jar:/Users/omaral-safi/.m2/repository/org/apache/logging/log4j/log4j-to-slf4j/2.13.3/log4j-to-slf4j-2.13.3.jar:/Users/omaral-safi/.m2/repository/org/apache/logging/log4j/log4j-api/2.13.3/log4j-api-2.13.3.jar:/Users/omaral-safi/.m2/repository/org/slf4j/jul-to-slf4j/1.7.30/jul-to-slf4j-1.7.30.jar:/Users/omaral-safi/.m2/repository/jakarta/annotation/jakarta.annotation-api/1.3.5/jakarta.annotation-api-1.3.5.jar:/Users/omaral-safi/.m2/repository/org/springframework/spring-core/5.3.5/spring-core-5.3.5.jar:/Users/omaral-safi/.m2/repository/org/springframework/spring-jcl/5.3.4/spring-jcl-5.3.4.jar:/Users/omaral-safi/.m2/repository/org/yaml/snakeyaml/1.27/snakeyaml-1.27.jar:/Users/omaral-safi/.m2/repository/org/springframework/experimental/spring-native/0.9.0/spring-native-0.9.0.jar:/Users/omaral-safi/.m2/repository/org/springframework/boot/spring-boot-starter-test/2.4.3/spring-boot-starter-test-2.4.3.jar:/Users/omaral-safi/.m2/repository/org/springframework/boot/spring-boot-test/2.4.3/spring-boot-test-2.4.3.jar:/Users/omaral-safi/.m2/repository/org/springframework/boot/spring-boot-test-autoconfigure/2.4.3/spring-boot-test-autoconfigure-2.4.3.jar:/Users/omaral-safi/.m2/repository/com/jayway/jsonpath/json-path/2.4.0/json-path-2.4.0.jar:/Users/omaral-safi/.m2/repository/net/minidev/json-smart/2.3/json-smart-2.3.jar:/Users/omaral-safi/.m2/repository/net/minidev/accessors-smart/1.2/accessors-smart-1.2.jar:/Users/omaral-safi/.m2/repository/org/ow2/asm/asm/5.0.4/asm-5.0.4.jar:/Users/omaral-safi/.m2/repository/jakarta/xml/bind/jakarta.xml.bind-api/2.3.3/jakarta.xml.bind-api-2.3.3.jar:/Users/omaral-safi/.m2/repository/jakarta/activation/jakarta.activation-api/1.2.2/jakarta.activation-api-1.2.2.jar:/Users/omaral-safi/.m2/repository/org/assertj/assertj-core/3.18.1/assertj-core-3.18.1.jar:/Users/omaral-safi/.m2/repository/org/hamcrest/hamcrest/2.2/hamcrest-2.2.jar:/Users/omaral-safi/.m2/repository/org/junit/jupiter/junit-jupiter/5.7.1/junit-jupiter-5.7.1.jar:/Users/omaral-safi/.m2/repository/org/junit/jupiter/junit-jupiter-api/5.7.1/junit-jupiter-api-5.7.1.jar:/Users/omaral-safi/.m2/repository/org/apiguardian/apiguardian-api/1.1.0/apiguardian-api-1.1.0.jar:/Users/omaral-safi/.m2/repository/org/opentest4j/opentest4j/1.2.0/opentest4j-1.2.0.jar:/Users/omaral-safi/.m2/repository/org/junit/platform/junit-platform-commons/1.7.1/junit-platform-commons-1.7.1.jar:/Users/omaral-safi/.m2/repository/org/junit/jupiter/junit-jupiter-params/5.7.1/junit-jupiter-params-5.7.1.jar:/Users/omaral-safi/.m2/repository/org/junit/jupiter/junit-jupiter-engine/5.7.1/junit-jupiter-engine-5.7.1.jar:/Users/omaral-safi/.m2/repository/org/junit/platform/junit-platform-engine/1.7.1/junit-platform-engine-1.7.1.jar:/Users/omaral-safi/.m2/repository/org/mockito/mockito-core/3.6.28/mockito-core-3.6.28.jar:/Users/omaral-safi/.m2/repository/net/bytebuddy/byte-buddy/1.10.20/byte-buddy-1.10.20.jar:/Users/omaral-safi/.m2/repository/net/bytebuddy/byte-buddy-agent/1.10.20/byte-buddy-agent-1.10.20.jar:/Users/omaral-safi/.m2/repository/org/objenesis/objenesis/3.1/objenesis-3.1.jar:/Users/omaral-safi/.m2/repository/org/mockito/mockito-junit-jupiter/3.6.28/mockito-junit-jupiter-3.6.28.jar:/Users/omaral-safi/.m2/repository/org/skyscreamer/jsonassert/1.5.0/jsonassert-1.5.0.jar:/Users/omaral-safi/.m2/repository/com/vaadin/external/google/android-json/0.0.20131108.vaadin1/android-json-0.0.20131108.vaadin1.jar:/Users/omaral-safi/.m2/repository/org/springframework/spring-test/5.3.5/spring-test-5.3.5.jar:/Users/omaral-safi/.m2/repository/org/xmlunit/xmlunit-core/2.7.0/xmlunit-core-2.7.0.jar:/Users/omaral-safi/.m2/repository/org/apache/camel/camel-endpointdsl/3.9.0-SNAPSHOT/camel-endpointdsl-3.9.0-SNAPSHOT.jar:/Users/omaral-safi/.m2/repository/org/apache/camel/camel-core-engine/3.9.0-SNAPSHOT/camel-core-engine-3.9.0-SNAPSHOT.jar:/Users/omaral-safi/.m2/repository/org/apache/camel/camel-api/3.9.0-SNAPSHOT/camel-api-3.9.0-SNAPSHOT.jar:/Users/omaral-safi/.m2/repository/org/apache/camel/camel-base-engine/3.9.0-SNAPSHOT/camel-base-engine-3.9.0-SNAPSHOT.jar:/Users/omaral-safi/.m2/repository/org/apache/camel/camel-base/3.9.0-SNAPSHOT/camel-base-3.9.0-SNAPSHOT.jar:/Users/omaral-safi/.m2/repository/org/apache/camel/camel-core-reifier/3.9.0-SNAPSHOT/camel-core-reifier-3.9.0-SNAPSHOT.jar:/Users/omaral-safi/.m2/repository/org/apache/camel/camel-core-model/3.9.0-SNAPSHOT/camel-core-model-3.9.0-SNAPSHOT.jar:/Users/omaral-safi/.m2/repository/org/apache/camel/camel-core-processor/3.9.0-SNAPSHOT/camel-core-processor-3.9.0-SNAPSHOT.jar:/Users/omaral-safi/.m2/repository/org/apache/camel/camel-management-api/3.9.0-SNAPSHOT/camel-management-api-3.9.0-SNAPSHOT.jar:/Users/omaral-safi/.m2/repository/org/apache/camel/camel-support/3.9.0-SNAPSHOT/camel-support-3.9.0-SNAPSHOT.jar:/Users/omaral-safi/.m2/repository/org/apache/camel/camel-util/3.9.0-SNAPSHOT/camel-util-3.9.0-SNAPSHOT.jar:/Users/omaral-safi/.m2/repository/org/slf4j/slf4j-api/1.7.30/slf4j-api-1.7.30.jar:/Users/omaral-safi/.m2/repository/org/apache/camel/springboot/camel-timer-starter/3.9.0-SNAPSHOT/camel-timer-starter-3.9.0-SNAPSHOT.jar:/Users/omaral-safi/.m2/repository/org/apache/camel/camel-timer/3.9.0-SNAPSHOT/camel-timer-3.9.0-SNAPSHOT.jar:/Users/omaral-safi/.m2/repository/org/apache/camel/springboot/camel-core-starter/3.9.0-SNAPSHOT/camel-core-starter-3.9.0-SNAPSHOT.jar:/Users/omaral-safi/.m2/repository/org/apache/camel/springboot/camel-spring-boot/3.9.0-SNAPSHOT/camel-spring-boot-3.9.0-SNAPSHOT.jar:/Users/omaral-safi/.m2/repository/org/apache/camel/camel-spring/3.9.0-SNAPSHOT/camel-spring-3.9.0-SNAPSHOT.jar:/Users/omaral-safi/.m2/repository/org/springframework/spring-tx/5.3.5/spring-tx-5.3.5.jar:/Users/omaral-safi/.m2/repository/org/apache/camel/camel-spring-main/3.9.0-SNAPSHOT/camel-spring-main-3.9.0-SNAPSHOT.jar:/Users/omaral-safi/.m2/repository/org/apache/camel/camel-main/3.9.0-SNAPSHOT/camel-main-3.9.0-SNAPSHOT.jar:/Users/omaral-safi/.m2/repository/org/apache/camel/camel-core-languages/3.9.0-SNAPSHOT/camel-core-languages-3.9.0-SNAPSHOT.jar:/Users/omaral-safi/.m2/repository/org/apache/camel/camel-xml-jaxb-dsl/3.9.0-SNAPSHOT/camel-xml-jaxb-dsl-3.9.0-SNAPSHOT.jar:/Users/omaral-safi/.m2/repository/org/apache/camel/camel-xml-jaxb/3.9.0-SNAPSHOT/camel-xml-jaxb-3.9.0-SNAPSHOT.jar:/Users/omaral-safi/.m2/repository/com/sun/xml/bind/jaxb-core/2.3.0/jaxb-core-2.3.0.jar:/Users/omaral-safi/.m2/repository/com/sun/xml/bind/jaxb-impl/2.3.3/jaxb-impl-2.3.3.jar:/Users/omaral-safi/.m2/repository/com/sun/activation/jakarta.activation/1.2.2/jakarta.activation-1.2.2.jar:/Users/omaral-safi/.m2/repository/org/apache/camel/camel-spring-xml/3.9.0-SNAPSHOT/camel-spring-xml-3.9.0-SNAPSHOT.jar:/Users/omaral-safi/.m2/repository/org/apache/camel/camel-xml-jaxp/3.9.0-SNAPSHOT/camel-xml-jaxp-3.9.0-SNAPSHOT.jar:/Users/omaral-safi/.m2/repository/org/apache/camel/camel-core-xml/3.9.0-SNAPSHOT/camel-core-xml-3.9.0-SNAPSHOT.jar:/Users/omaral-safi/.m2/repository/org/apache/camel/camel-cloud/3.9.0-SNAPSHOT/camel-cloud-3.9.0-SNAPSHOT.jar:/Users/omaral-safi/.m2/repository/org/apache/camel/camel-cluster/3.9.0-SNAPSHOT/camel-cluster-3.9.0-SNAPSHOT.jar:/Users/omaral-safi/.m2/repository/org/apache/camel/camel-health/3.9.0-SNAPSHOT/camel-health-3.9.0-SNAPSHOT.jar:"/>
    <property name="sun.cpu.endian" value="little"/>
    <property name="user.home" value="/Users/omaral-safi"/>
    <property name="user.language" value="en"/>
    <property name="java.specification.vendor" value="Oracle Corporation"/>
    <property name="java.home" value="/Users/omaral-safi/.sdkman/candidates/java/21.0.0.r8-grl/jre"/>
    <property name="basedir" value="/Users/omaral-safi/Code/camel-spring-boot-native-demo"/>
    <property name="file.separator" value="/"/>
    <property name="line.separator" value="&#10;"/>
    <property name="java.vm.specification.vendor" value="Oracle Corporation"/>
    <property name="java.specification.name" value="Java Platform API Specification"/>
    <property name="java.awt.graphicsenv" value="sun.awt.CGraphicsEnvironment"/>
    <property name="surefire.real.class.path" value="/Users/omaral-safi/Code/camel-spring-boot-native-demo/target/surefire/surefirebooter5581291730267241284.jar"/>
    <property name="sun.boot.class.path" value="/Users/omaral-safi/.sdkman/candidates/java/21.0.0.r8-grl/jre/lib/resources.jar:/Users/omaral-safi/.sdkman/candidates/java/21.0.0.r8-grl/jre/lib/rt.jar:/Users/omaral-safi/.sdkman/candidates/java/21.0.0.r8-grl/jre/lib/sunrsasign.jar:/Users/omaral-safi/.sdkman/candidates/java/21.0.0.r8-grl/jre/lib/jsse.jar:/Users/omaral-safi/.sdkman/candidates/java/21.0.0.r8-grl/jre/lib/jce.jar:/Users/omaral-safi/.sdkman/candidates/java/21.0.0.r8-grl/jre/lib/charsets.jar:/Users/omaral-safi/.sdkman/candidates/java/21.0.0.r8-grl/jre/lib/jfr.jar:/Users/omaral-safi/.sdkman/candidates/java/21.0.0.r8-grl/jre/lib/jvmci-services.jar:/Users/omaral-safi/.sdkman/candidates/java/21.0.0.r8-grl/jre/classes:/Users/omaral-safi/.sdkman/candidates/java/21.0.0.r8-grl/jre/lib/boot/graaljs-scriptengine.jar:/Users/omaral-safi/.sdkman/candidates/java/21.0.0.r8-grl/jre/lib/boot/graal-sdk.src.zip:/Users/omaral-safi/.sdkman/candidates/java/21.0.0.r8-grl/jre/lib/boot/graal-sdk.jar"/>
    <property name="sun.management.compiler" value="HotSpot 64-Bit Tiered Compilers"/>
    <property name="java.runtime.version" value="1.8.0_282-b07"/>
    <property name="user.name" value="omaral-safi"/>
    <property name="path.separator" value=":"/>
    <property name="os.version" value="10.16"/>
    <property name="java.endorsed.dirs" value="/Users/omaral-safi/.sdkman/candidates/java/21.0.0.r8-grl/jre/lib/endorsed"/>
    <property name="java.runtime.name" value="OpenJDK Runtime Environment"/>
    <property name="file.encoding" value="UTF-8"/>
    <property name="java.vm.name" value="OpenJDK 64-Bit Server VM GraalVM CE 21.0.0"/>
    <property name="jvmci.Compiler" value="graal"/>
    <property name="localRepository" value="/Users/omaral-safi/.m2/repository"/>
    <property name="java.vendor.url.bug" value="https://github.com/oracle/graal/issues"/>
    <property name="java.io.tmpdir" value="/var/folders/__/jwqx2g3d6yv7ctvcmxl89zfr0000gn/T/"/>
    <property name="java.version" value="1.8.0_282"/>
    <property name="user.dir" value="/Users/omaral-safi/Code/camel-spring-boot-native-demo"/>
    <property name="os.arch" value="x86_64"/>
    <property name="java.vm.specification.name" value="Java Virtual Machine Specification"/>
    <property name="java.awt.printerjob" value="sun.lwawt.macosx.CPrinterJob"/>
    <property name="sun.os.patch.level" value="unknown"/>
    <property name="java.library.path" value="/Users/omaral-safi/Library/Java/Extensions:/Library/Java/Extensions:/Network/Library/Java/Extensions:/System/Library/Java/Extensions:/usr/lib/java:."/>
    <property name="java.vm.info" value="mixed mode"/>
    <property name="java.vendor" value="GraalVM Community"/>
    <property name="java.vm.version" value="25.282-b07-jvmci-21.0-b06"/>
    <property name="java.ext.dirs" value="/Users/omaral-safi/Library/Java/Extensions:/Users/omaral-safi/.sdkman/candidates/java/21.0.0.r8-grl/jre/lib/ext:/Library/Java/Extensions:/Network/Library/Java/Extensions:/System/Library/Java/Extensions:/usr/lib/java"/>
    <property name="sun.io.unicode.encoding" value="UnicodeBig"/>
    <property name="java.class.version" value="52.0"/>
  </properties>
  <testcase name="contextLoads" classname="com.example.demo.DemoApplicationTests" time="0.174"/>
</testsuite>